0 info it worked if it ends with ok
1 verbose cli [ 'node', '/usr/local/bin/npm', 'install', '-g', 'reactify' ]
2 info using npm@1.4.28
3 info using node@v0.10.36
4 verbose cache add [ 'reactify', null ]
5 verbose cache add name=undefined spec="reactify" args=["reactify",null]
6 verbose parsed url { protocol: null,
6 verbose parsed url   slashes: null,
6 verbose parsed url   auth: null,
6 verbose parsed url   host: null,
6 verbose parsed url   port: null,
6 verbose parsed url   hostname: null,
6 verbose parsed url   hash: null,
6 verbose parsed url   search: null,
6 verbose parsed url   query: null,
6 verbose parsed url   pathname: 'reactify',
6 verbose parsed url   path: 'reactify',
6 verbose parsed url   href: 'reactify' }
7 silly lockFile 97e36b74-reactify reactify
8 verbose lock reactify /Users/kloh/.npm/97e36b74-reactify.lock
9 silly lockFile 97e36b74-reactify reactify
10 silly lockFile 97e36b74-reactify reactify
11 verbose addNamed [ 'reactify', '' ]
12 verbose addNamed [ null, '*' ]
13 silly lockFile 60172e78-reactify reactify@
14 verbose lock reactify@ /Users/kloh/.npm/60172e78-reactify.lock
15 silly addNameRange { name: 'reactify', range: '*', hasData: false }
16 verbose request where is /reactify
17 verbose request registry https://registry.npmjs.org/
18 verbose request id a8b1a329a1868d44
19 verbose url raw /reactify
20 verbose url resolving [ 'https://registry.npmjs.org/', './reactify' ]
21 verbose url resolved https://registry.npmjs.org/reactify
22 verbose request where is https://registry.npmjs.org/reactify
23 info trying registry request attempt 1 at 19:08:49
24 verbose etag "BJ0WDYDT0RB6FYN4YN4YF4VCC"
25 http GET https://registry.npmjs.org/reactify
26 http 200 https://registry.npmjs.org/reactify
27 silly registry.get cb [ 200,
27 silly registry.get   { server: 'CouchDB/1.5.0 (Erlang OTP/R16B03)',
27 silly registry.get     etag: '"7UWAAXF13IWLASZQGUXVEDVYZ"',
27 silly registry.get     'content-type': 'application/json',
27 silly registry.get     'cache-control': 'max-age=60',
27 silly registry.get     'content-length': '54302',
27 silly registry.get     'accept-ranges': 'bytes',
27 silly registry.get     date: 'Fri, 11 Sep 2015 02:08:50 GMT',
27 silly registry.get     via: '1.1 varnish',
27 silly registry.get     age: '0',
27 silly registry.get     connection: 'keep-alive',
27 silly registry.get     'x-served-by': 'cache-lax1433-LAX',
27 silly registry.get     'x-cache': 'HIT',
27 silly registry.get     'x-cache-hits': '1',
27 silly registry.get     'x-timer': 'S1441937329.653742,VS0,VE362',
27 silly registry.get     vary: 'Accept' } ]
28 silly addNameRange number 2 { name: 'reactify', range: '*', hasData: true }
29 silly addNameRange versions [ 'reactify',
29 silly addNameRange   [ '0.1.0',
29 silly addNameRange     '0.1.1',
29 silly addNameRange     '0.1.2',
29 silly addNameRange     '0.1.3',
29 silly addNameRange     '0.1.4',
29 silly addNameRange     '0.2.0',
29 silly addNameRange     '0.2.1',
29 silly addNameRange     '0.2.2',
29 silly addNameRange     '0.3.0',
29 silly addNameRange     '0.3.1',
29 silly addNameRange     '0.3.2',
29 silly addNameRange     '0.4.0',
29 silly addNameRange     '0.5.0',
29 silly addNameRange     '0.5.1',
29 silly addNameRange     '0.6.0',
29 silly addNameRange     '0.6.1',
29 silly addNameRange     '0.7.0',
29 silly addNameRange     '0.8.0',
29 silly addNameRange     '0.8.1',
29 silly addNameRange     '0.9.0',
29 silly addNameRange     '0.9.1',
29 silly addNameRange     '0.10.0',
29 silly addNameRange     '0.11.0',
29 silly addNameRange     '0.12.0',
29 silly addNameRange     '0.13.0',
29 silly addNameRange     '0.13.1',
29 silly addNameRange     '0.14.0',
29 silly addNameRange     '0.15.0',
29 silly addNameRange     '0.15.1',
29 silly addNameRange     '0.14.1',
29 silly addNameRange     '0.8.2',
29 silly addNameRange     '0.9.2',
29 silly addNameRange     '0.10.1',
29 silly addNameRange     '0.11.1',
29 silly addNameRange     '0.13.2',
29 silly addNameRange     '0.12.1',
29 silly addNameRange     '0.15.2',
29 silly addNameRange     '0.16.0',
29 silly addNameRange     '0.17.0',
29 silly addNameRange     '0.17.1',
29 silly addNameRange     '1.0.0',
29 silly addNameRange     '1.1.0',
29 silly addNameRange     '1.1.1' ] ]
30 verbose addNamed [ 'reactify', '1.1.1' ]
31 verbose addNamed [ '1.1.1', '1.1.1' ]
32 silly lockFile c99dcda3-reactify-1-1-1 reactify@1.1.1
33 verbose lock reactify@1.1.1 /Users/kloh/.npm/c99dcda3-reactify-1-1-1.lock
34 silly lockFile c99dcda3-reactify-1-1-1 reactify@1.1.1
35 silly lockFile c99dcda3-reactify-1-1-1 reactify@1.1.1
36 silly lockFile 60172e78-reactify reactify@
37 silly lockFile 60172e78-reactify reactify@
38 silly resolved [ { name: 'reactify',
38 silly resolved     version: '1.1.1',
38 silly resolved     description: 'Browserify transform for JSX (a superset of JS used by React.js)',
38 silly resolved     main: 'index.js',
38 silly resolved     dependencies: { through: '~2.3.4', 'react-tools': '~0.13.0' },
38 silly resolved     devDependencies:
38 silly resolved      { browserify: '4.x.x',
38 silly resolved        coffeeify: '~0.x.x',
38 silly resolved        'es6-module-jstransform': '^0.1.3',
38 silly resolved        'concat-stream': '~1.4.8',
38 silly resolved        jshint: '^2.5.10',
38 silly resolved        mocha: '~1.9.0',
38 silly resolved        semver: '~1.1.4' },
38 silly resolved     repository: { type: 'git', url: 'git://github.com/andreypopp/reactify.git' },
38 silly resolved     homepage: 'https://github.com/andreypopp/reactify',
38 silly resolved     keywords:
38 silly resolved      [ 'react',
38 silly resolved        'browserify',
38 silly resolved        'browserify-transform',
38 silly resolved        'jsx',
38 silly resolved        'js',
38 silly resolved        'plugin',
38 silly resolved        'transform' ],
38 silly resolved     author:
38 silly resolved      { name: 'Andrey Popp',
38 silly resolved        email: '8mayday@gmail.com',
38 silly resolved        url: 'http://andreypopp.com' },
38 silly resolved     license: 'MIT',
38 silly resolved     gitHead: '9708efc75e5c7f2dd3950e7debcd7cd3f73b6a00',
38 silly resolved     bugs: { url: 'https://github.com/andreypopp/reactify/issues' },
38 silly resolved     _id: 'reactify@1.1.1',
38 silly resolved     scripts: {},
38 silly resolved     _shasum: 'a8f119596273c0d4bfb1abea0c14c2601ea03bba',
38 silly resolved     _from: 'reactify@',
38 silly resolved     _npmVersion: '2.7.5',
38 silly resolved     _nodeVersion: '0.12.2',
38 silly resolved     _npmUser: { name: 'andreypopp', email: '8mayday@gmail.com' },
38 silly resolved     maintainers: [ [Object], [Object] ],
38 silly resolved     dist:
38 silly resolved      { shasum: 'a8f119596273c0d4bfb1abea0c14c2601ea03bba',
38 silly resolved        tarball: 'http://registry.npmjs.org/reactify/-/reactify-1.1.1.tgz' },
38 silly resolved     directories: {},
38 silly resolved     _resolved: 'https://registry.npmjs.org/reactify/-/reactify-1.1.1.tgz',
38 silly resolved     readme: 'ERROR: No README data found!' } ]
39 info install reactify@1.1.1 into /usr/local/lib
40 info installOne reactify@1.1.1
41 verbose lib/node_modules/reactify unbuild
42 verbose tar unpack /Users/kloh/.npm/reactify/1.1.1/package.tgz
43 silly lockFile 365849b4--local-lib-node-modules-reactify tar:///usr/local/lib/node_modules/reactify
44 verbose lock tar:///usr/local/lib/node_modules/reactify /Users/kloh/.npm/365849b4--local-lib-node-modules-reactify.lock
45 silly lockFile 1ebc5d36-h-npm-reactify-1-1-1-package-tgz tar:///Users/kloh/.npm/reactify/1.1.1/package.tgz
46 verbose lock tar:///Users/kloh/.npm/reactify/1.1.1/package.tgz /Users/kloh/.npm/1ebc5d36-h-npm-reactify-1-1-1-package-tgz.lock
47 silly gunzTarPerm modes [ '755', '644' ]
48 error Error: EACCES, mkdir '/usr/local/lib/node_modules/reactify'
48 error  { [Error: EACCES, mkdir '/usr/local/lib/node_modules/reactify']
48 error   errno: 3,
48 error   code: 'EACCES',
48 error   path: '/usr/local/lib/node_modules/reactify',
48 error   fstream_type: 'Directory',
48 error   fstream_path: '/usr/local/lib/node_modules/reactify',
48 error   fstream_class: 'DirWriter',
48 error   fstream_stack:
48 error    [ '/usr/local/lib/node_modules/npm/node_modules/fstream/lib/dir-writer.js:36:23',
48 error      '/usr/local/lib/node_modules/npm/node_modules/mkdirp/index.js:46:53',
48 error      'Object.oncomplete (fs.js:108:15)' ] }
49 error Please try running this command again as root/Administrator.
50 error System Darwin 14.4.0
51 error command "node" "/usr/local/bin/npm" "install" "-g" "reactify"
52 error cwd /Users/kloh/Dev/chrometasks
53 error node -v v0.10.36
54 error npm -v 1.4.28
55 error path /usr/local/lib/node_modules/reactify
56 error fstream_path /usr/local/lib/node_modules/reactify
57 error fstream_type Directory
58 error fstream_class DirWriter
59 error code EACCES
60 error errno 3
61 error stack Error: EACCES, mkdir '/usr/local/lib/node_modules/reactify'
62 error fstream_stack /usr/local/lib/node_modules/npm/node_modules/fstream/lib/dir-writer.js:36:23
62 error fstream_stack /usr/local/lib/node_modules/npm/node_modules/mkdirp/index.js:46:53
62 error fstream_stack Object.oncomplete (fs.js:108:15)
63 verbose exit [ 3, true ]
